0 info it worked if it ends with ok
1 verbose cli [ '/Users/tko/.nvm/versions/node/v7.7.2/bin/node',
1 verbose cli   '/Users/tko/.nvm/versions/node/v7.7.2/bin/npm',
1 verbose cli   'install',
1 verbose cli   'JS-interpreter' ]
2 info using npm@4.1.2
3 info using node@v7.7.2
4 silly loadCurrentTree Starting
5 silly install loadCurrentTree
6 silly install readLocalPackageData
7 silly fetchPackageMetaData JS-interpreter
8 silly fetchNamedPackageData JS-interpreter
9 silly mapToRegistry name JS-interpreter
10 silly mapToRegistry using default registry
11 silly mapToRegistry registry https://registry.npmjs.org/
12 silly mapToRegistry data Result {
12 silly mapToRegistry   raw: 'JS-interpreter',
12 silly mapToRegistry   scope: null,
12 silly mapToRegistry   escapedName: 'JS-interpreter',
12 silly mapToRegistry   name: 'JS-interpreter',
12 silly mapToRegistry   rawSpec: '',
12 silly mapToRegistry   spec: 'latest',
12 silly mapToRegistry   type: 'tag' }
13 silly mapToRegistry uri https://registry.npmjs.org/JS-interpreter
14 verbose request uri https://registry.npmjs.org/JS-interpreter
15 verbose request no auth needed
16 info attempt registry request try #1 at 04:29:52
17 verbose request id 81a59988bd188646
18 http request GET https://registry.npmjs.org/JS-interpreter
19 http 404 https://registry.npmjs.org/JS-interpreter
20 verbose headers { date: 'Wed, 15 Aug 2018 19:29:53 GMT',
20 verbose headers   'content-type': 'application/json',
20 verbose headers   'content-length': '21',
20 verbose headers   connection: 'keep-alive',
20 verbose headers   'set-cookie': [ '__cfduid=d8296a52ce560fc7b475ea3f5ec58bb611534361392; expires=Thu, 15-Aug-19 19:29:52 GMT; path=/; domain=.registry.npmjs.org; HttpOnly' ],
20 verbose headers   'cache-control': 'max-age=300',
20 verbose headers   'cf-cache-status': 'MISS',
20 verbose headers   'cf-ray': '44ae1291195fa55a-NRT',
20 verbose headers   'expect-ct': 'max-age=604800, report-uri="https://report-uri.cloudflare.com/cdn-cgi/beacon/expect-ct"',
20 verbose headers   vary: 'accept-encoding, accept',
20 verbose headers   server: 'cloudflare' }
21 silly get cb [ 404,
21 silly get   { date: 'Wed, 15 Aug 2018 19:29:53 GMT',
21 silly get     'content-type': 'application/json',
21 silly get     'content-length': '21',
21 silly get     connection: 'keep-alive',
21 silly get     'set-cookie': [ '__cfduid=d8296a52ce560fc7b475ea3f5ec58bb611534361392; expires=Thu, 15-Aug-19 19:29:52 GMT; path=/; domain=.registry.npmjs.org; HttpOnly' ],
21 silly get     'cache-control': 'max-age=300',
21 silly get     'cf-cache-status': 'MISS',
21 silly get     'cf-ray': '44ae1291195fa55a-NRT',
21 silly get     'expect-ct': 'max-age=604800, report-uri="https://report-uri.cloudflare.com/cdn-cgi/beacon/expect-ct"',
21 silly get     vary: 'accept-encoding, accept',
21 silly get     server: 'cloudflare' } ]
22 silly fetchPackageMetaData Error: Not found : JS-interpreter
22 silly fetchPackageMetaData     at makeError (/Users/tko/.nvm/versions/node/v7.7.2/lib/node_modules/npm/node_modules/npm-registry-client/lib/request.js:304:12)
22 silly fetchPackageMetaData     at CachingRegistryClient.<anonymous> (/Users/tko/.nvm/versions/node/v7.7.2/lib/node_modules/npm/node_modules/npm-registry-client/lib/request.js:292:14)
22 silly fetchPackageMetaData     at Request._callback (/Users/tko/.nvm/versions/node/v7.7.2/lib/node_modules/npm/node_modules/npm-registry-client/lib/request.js:212:14)
22 silly fetchPackageMetaData     at Request.self.callback (/Users/tko/.nvm/versions/node/v7.7.2/lib/node_modules/npm/node_modules/request/request.js:186:22)
22 silly fetchPackageMetaData     at emitTwo (events.js:106:13)
22 silly fetchPackageMetaData     at Request.emit (events.js:194:7)
22 silly fetchPackageMetaData     at Request.<anonymous> (/Users/tko/.nvm/versions/node/v7.7.2/lib/node_modules/npm/node_modules/request/request.js:1081:10)
22 silly fetchPackageMetaData     at emitOne (events.js:96:13)
22 silly fetchPackageMetaData     at Request.emit (events.js:191:7)
22 silly fetchPackageMetaData     at IncomingMessage.<anonymous> (/Users/tko/.nvm/versions/node/v7.7.2/lib/node_modules/npm/node_modules/request/request.js:1001:12)
22 silly fetchPackageMetaData  error for JS-interpreter { Error: Not found : JS-interpreter
22 silly fetchPackageMetaData     at makeError (/Users/tko/.nvm/versions/node/v7.7.2/lib/node_modules/npm/node_modules/npm-registry-client/lib/request.js:304:12)
22 silly fetchPackageMetaData     at CachingRegistryClient.<anonymous> (/Users/tko/.nvm/versions/node/v7.7.2/lib/node_modules/npm/node_modules/npm-registry-client/lib/request.js:292:14)
22 silly fetchPackageMetaData     at Request._callback (/Users/tko/.nvm/versions/node/v7.7.2/lib/node_modules/npm/node_modules/npm-registry-client/lib/request.js:212:14)
22 silly fetchPackageMetaData     at Request.self.callback (/Users/tko/.nvm/versions/node/v7.7.2/lib/node_modules/npm/node_modules/request/request.js:186:22)
22 silly fetchPackageMetaData     at emitTwo (events.js:106:13)
22 silly fetchPackageMetaData     at Request.emit (events.js:194:7)
22 silly fetchPackageMetaData     at Request.<anonymous> (/Users/tko/.nvm/versions/node/v7.7.2/lib/node_modules/npm/node_modules/request/request.js:1081:10)
22 silly fetchPackageMetaData     at emitOne (events.js:96:13)
22 silly fetchPackageMetaData     at Request.emit (events.js:191:7)
22 silly fetchPackageMetaData     at IncomingMessage.<anonymous> (/Users/tko/.nvm/versions/node/v7.7.2/lib/node_modules/npm/node_modules/request/request.js:1001:12) pkgid: 'JS-interpreter', statusCode: 404, code: 'E404' }
23 silly rollbackFailedOptional Starting
24 silly rollbackFailedOptional Finishing
25 silly runTopLevelLifecycles Finishing
26 silly install printInstalled
27 verbose stack Error: Not found : JS-interpreter
27 verbose stack     at makeError (/Users/tko/.nvm/versions/node/v7.7.2/lib/node_modules/npm/node_modules/npm-registry-client/lib/request.js:304:12)
27 verbose stack     at CachingRegistryClient.<anonymous> (/Users/tko/.nvm/versions/node/v7.7.2/lib/node_modules/npm/node_modules/npm-registry-client/lib/request.js:292:14)
27 verbose stack     at Request._callback (/Users/tko/.nvm/versions/node/v7.7.2/lib/node_modules/npm/node_modules/npm-registry-client/lib/request.js:212:14)
27 verbose stack     at Request.self.callback (/Users/tko/.nvm/versions/node/v7.7.2/lib/node_modules/npm/node_modules/request/request.js:186:22)
27 verbose stack     at emitTwo (events.js:106:13)
27 verbose stack     at Request.emit (events.js:194:7)
27 verbose stack     at Request.<anonymous> (/Users/tko/.nvm/versions/node/v7.7.2/lib/node_modules/npm/node_modules/request/request.js:1081:10)
27 verbose stack     at emitOne (events.js:96:13)
27 verbose stack     at Request.emit (events.js:191:7)
27 verbose stack     at IncomingMessage.<anonymous> (/Users/tko/.nvm/versions/node/v7.7.2/lib/node_modules/npm/node_modules/request/request.js:1001:12)
28 verbose statusCode 404
29 verbose pkgid JS-interpreter
30 verbose cwd /Users/tko/dev/VisualProgramming
31 error Darwin 17.5.0
32 error argv "/Users/tko/.nvm/versions/node/v7.7.2/bin/node" "/Users/tko/.nvm/versions/node/v7.7.2/bin/npm" "install" "JS-interpreter"
33 error node v7.7.2
34 error npm  v4.1.2
35 error code E404
36 error 404 Not found : JS-interpreter
37 error 404
38 error 404 'JS-interpreter' is not in the npm registry.
39 error 404 Your package name is not valid, because
40 error 404 1. name can no longer contain capital letters
41 error 404 Note that you can also install from a
42 error 404 tarball, folder, http url, or git url.
43 verbose exit [ 1, true ]
